<?xml version="1.0" encoding="UTF-8"?>
<!-- Generated by org.testng.reporters.JUnitReportReporter -->
<testsuite hostname="URNA" failures="0" tests="2" name="com.ecom_automation.testcases.Login" time="23.329" errors="0" timestamp="2025-06-20T00:43:35 IST" skipped="0">
  <testcase classname="com.ecom_automation.testcases.Login" name="verifyLoginWithValidCredentials" time="12.614"/>
  <testcase classname="com.ecom_automation.testcases.Login" name="verifyLoginWithInalidCredentials" time="10.715"/>
</testsuite> <!-- com.ecom_automation.testcases.Login -->
