<?xml version="1.0" encoding="UTF-8"?>
<!-- Generated by org.testng.reporters.JUnitReportReporter -->
<testsuite hostname="URNA" failures="0" tests="2" name="com.ecom_automation.testcases.Register" time="35.819" errors="0" timestamp="2025-06-23T21:57:30 IST" skipped="0">
  <testcase classname="com.ecom_automation.testcases.Register" name="verifyRegisterWithAllFields" time="17.727"/>
  <testcase classname="com.ecom_automation.testcases.Register" name="verifyRegisterWithExistingEmail" time="18.092"/>
</testsuite> <!-- com.ecom_automation.testcases.Register -->
