<?xml version="1.0" encoding="UTF-8"?>
<!-- Generated by org.testng.reporters.JUnitReportReporter -->
<testsuite hostname="URNA" failures="0" tests="1" name="com.ecom_automation.testcases.Register" time="18.793" errors="0" timestamp="2025-06-23T22:27:00 IST" skipped="0">
  <testcase classname="com.ecom_automation.testcases.Register" name="verifyRegisterWithExistingEmail" time="18.793"/>
</testsuite> <!-- com.ecom_automation.testcases.Register -->
