<?xml version="1.0" encoding="UTF-8"?>
<!-- Generated by org.testng.reporters.JUnitReportReporter -->
<testsuite hostname="URNA" failures="0" tests="2" name="com.ecom_automation.testcases.Register" time="29.116" errors="0" timestamp="2025-06-20T00:14:22 IST" skipped="0">
  <testcase classname="com.ecom_automation.testcases.Register" name="verifyRegisterWithAllFields" time="18.122"/>
  <testcase classname="com.ecom_automation.testcases.Register" name="verifyRegisterWithExistingEmail" time="10.994"/>
</testsuite> <!-- com.ecom_automation.testcases.Register -->
