<?xml version="1.0" encoding="UTF-8"?>
<!-- Generated by org.testng.reporters.JUnitReportReporter -->
<testsuite hostname="URNA" failures="0" tests="1" name="com.ecom_automation.testcases.AddToCart" time="11.560" errors="0" timestamp="2025-06-20T00:14:22 IST" skipped="0">
  <testcase classname="com.ecom_automation.testcases.AddToCart" name="addProductToCart" time="11.560"/>
</testsuite> <!-- com.ecom_automation.testcases.AddToCart -->
