<?xml version="1.0" encoding="UTF-8"?>
<!-- Generated by org.testng.reporters.JUnitReportReporter -->
<testsuite hostname="URNA" failures="0" tests="2" name="com.ecom_automation.testcases.Search" time="20.014" errors="0" timestamp="2025-06-20T00:43:36 IST" skipped="0">
  <testcase classname="com.ecom_automation.testcases.Search" name="verifySearchWithValidProductName" time="10.392"/>
  <testcase classname="com.ecom_automation.testcases.Search" name="verifySearchWithInalidProductName" time="9.622"/>
</testsuite> <!-- com.ecom_automation.testcases.Search -->
