<?xml version="1.0" encoding="UTF-8"?>
<!-- Generated by org.testng.reporters.JUnitReportReporter -->
<testsuite hostname="URNA" failures="0" tests="2" name="com.ecom_automation.testcases.CheckOut" time="32.596" errors="0" timestamp="2025-06-20T00:43:35 IST" skipped="0">
  <testcase classname="com.ecom_automation.testcases.CheckOut" name="clickOnFullCartAndCheckOutWithOutSigningIn" time="25.312"/>
  <testcase classname="com.ecom_automation.testcases.CheckOut" name="clickOnEmptyCart" time="7.284"/>
</testsuite> <!-- com.ecom_automation.testcases.CheckOut -->
