<?xml version="1.0" encoding="UTF-8"?>
<!-- Generated by org.testng.reporters.JUnitReportReporter -->
<testsuite hostname="URNA" failures="0" tests="1" name="com.ecom_automation.testcases.Search" time="8.644" errors="0" timestamp="2025-06-23T22:19:32 IST" skipped="0">
  <testcase classname="com.ecom_automation.testcases.Search" name="verifySearchWithInalidProductName" time="8.644"/>
</testsuite> <!-- com.ecom_automation.testcases.Search -->
