<?xml version="1.0" encoding="UTF-8"?>
<!-- Generated by org.testng.reporters.JUnitReportReporter -->
<testsuite hostname="URNA" failures="0" tests="2" name="com.ecom_automation.testcases.Search" time="19.314" errors="0" timestamp="2025-06-20T00:14:22 IST" skipped="0">
  <testcase classname="com.ecom_automation.testcases.Search" name="verifySearchWithValidProductName" time="10.825"/>
  <testcase classname="com.ecom_automation.testcases.Search" name="verifySearchWithInalidProductName" time="8.489"/>
</testsuite> <!-- com.ecom_automation.testcases.Search -->
