<?xml version="1.0" encoding="UTF-8"?>
<!-- Generated by org.testng.reporters.JUnitReportReporter -->
<testsuite hostname="URNA" failures="0" tests="2" name="com.ecom_automation.testcases.Login" time="22.991" errors="0" timestamp="2025-06-20T00:14:22 IST" skipped="0">
  <testcase classname="com.ecom_automation.testcases.Login" name="verifyLoginWithValidCredentials" time="13.263"/>
  <testcase classname="com.ecom_automation.testcases.Login" name="verifyLoginWithInalidCredentials" time="9.728"/>
</testsuite> <!-- com.ecom_automation.testcases.Login -->
