<?xml version="1.0" encoding="UTF-8"?>
<!-- Generated by org.testng.reporters.JUnitReportReporter -->
<testsuite hostname="URNA" failures="0" tests="1" name="com.ecom_automation.testcases.Login" time="11.685" errors="0" timestamp="2025-06-23T22:13:29 IST" skipped="0">
  <testcase classname="com.ecom_automation.testcases.Login" name="verifyLoginWithInalidCredentials" time="11.685"/>
</testsuite> <!-- com.ecom_automation.testcases.Login -->
